0 info it worked if it ends with ok
1 verbose cli [ '/home/leijiwen/software/node-v4.2.5/bin/node',
1 verbose cli   '/usr/local/bin/npm',
1 verbose cli   'start' ]
2 info using npm@3.3.12
3 info using node@v4.2.5
4 verbose run-script [ 'prestart', 'start', 'poststart' ]
5 info lifecycle in-memory-todo@0.1.0~prestart: in-memory-todo@0.1.0
6 silly lifecycle in-memory-todo@0.1.0~prestart: no script for prestart, continuing
7 info lifecycle in-memory-todo@0.1.0~start: in-memory-todo@0.1.0
8 verbose lifecycle in-memory-todo@0.1.0~start: unsafe-perm in lifecycle true
9 verbose lifecycle in-memory-todo@0.1.0~start: PATH: /home/leijiwen/software/node-v4.2.5/lib/node_modules/npm/bin/node-gyp-bin:/home/leijiwen/software/webstorm-workspace/boleixiongdi-react/server/node_modules/.bin:/home/leijiwen/software/gradle-2.6/bin:/usr/lib/jvm/java7/bin:/home/leijiwen/software/gradle-2.6/bin:/usr/local/sbin:/usr/local/bin:/usr/sbin:/usr/bin:/sbin:/bin:/usr/games:/usr/local/games:/home/leijiwen/Android/Sdk/platform-tools:/home/leijiwen/Android/sdk/tools:/home/leijiwen/Android/Sdk/tools:/home/leijiwen/Android/Sdk/build-tools:/home/leijiwen/software/apache-maven-3.2.5/bin:/home/leijiwen/software/node-v4.2.5/bin
10 verbose lifecycle in-memory-todo@0.1.0~start: CWD: /home/leijiwen/software/webstorm-workspace/boleixiongdi-react/server
11 silly lifecycle in-memory-todo@0.1.0~start: Args: [ '-c', 'node server.js' ]
12 silly lifecycle in-memory-todo@0.1.0~start: Returned: code: 1  signal: null
13 info lifecycle in-memory-todo@0.1.0~start: Failed to exec start script
14 verbose stack Error: in-memory-todo@0.1.0 start: `node server.js`
14 verbose stack Exit status 1
14 verbose stack     at EventEmitter.<anonymous> (/home/leijiwen/software/node-v4.2.5/lib/node_modules/npm/lib/utils/lifecycle.js:232:16)
14 verbose stack     at emitTwo (events.js:87:13)
14 verbose stack     at EventEmitter.emit (events.js:172:7)
14 verbose stack     at ChildProcess.<anonymous> (/home/leijiwen/software/node-v4.2.5/lib/node_modules/npm/lib/utils/spawn.js:24:14)
14 verbose stack     at emitTwo (events.js:87:13)
14 verbose stack     at ChildProcess.emit (events.js:172:7)
14 verbose stack     at maybeClose (internal/child_process.js:821:16)
14 verbose stack     at Process.ChildProcess._handle.onexit (internal/child_process.js:211:5)
15 verbose pkgid in-memory-todo@0.1.0
16 verbose cwd /home/leijiwen/software/webstorm-workspace/boleixiongdi-react/server
17 error Linux 3.16.0-71-generic
18 error argv "/home/leijiwen/software/node-v4.2.5/bin/node" "/usr/local/bin/npm" "start"
19 error node v4.2.5
20 error npm  v3.3.12
21 error code ELIFECYCLE
22 error in-memory-todo@0.1.0 start: `node server.js`
22 error Exit status 1
23 error Failed at the in-memory-todo@0.1.0 start script 'node server.js'.
23 error Make sure you have the latest version of node.js and npm installed.
23 error If you do, this is most likely a problem with the in-memory-todo package,
23 error not with npm itself.
23 error Tell the author that this fails on your system:
23 error     node server.js
23 error You can get their info via:
23 error     npm owner ls in-memory-todo
23 error There is likely additional logging output above.
24 verbose exit [ 1, true ]
